<?xml version="1.0" encoding="UTF-8"?>
<testng-results ignored="0" total="1" passed="1" failed="0" skipped="0">
  <reporter-output>
  </reporter-output>
  <suite started-at="2023-01-13T12:51:57 IST" name="Default suite" finished-at="2023-01-13T12:52:26 IST" duration-ms="29148">
    <groups>
    </groups>
    <test started-at="2023-01-13T12:51:57 IST" name="Default test" finished-at="2023-01-13T12:52:26 IST" duration-ms="29148">
      <class name="saucedemo.AddProduct">
        <test-method is-config="true" signature="launchApp()[pri:0, instance:saucedemo.AddProduct@6aeb35e6]" started-at="2023-01-13T12:51:57 IST" name="launchApp" finished-at="2023-01-13T12:52:02 IST" duration-ms="4544" status="PASS">
          <reporter-output>
          </reporter-output>
        </test-method> <!-- launchApp -->
        <test-method signature="verifyAddProduct()[pri:0, instance:saucedemo.AddProduct@6aeb35e6]" started-at="2023-01-13T12:52:02 IST" name="verifyAddProduct" finished-at="2023-01-13T12:52:21 IST" duration-ms="19463" status="PASS">
          <reporter-output>
          </reporter-output>
        </test-method> <!-- verifyAddProduct -->
        <test-method is-config="true" signature="closeApp()[pri:0, instance:saucedemo.AddProduct@6aeb35e6]" started-at="2023-01-13T12:52:21 IST" name="closeApp" finished-at="2023-01-13T12:52:26 IST" duration-ms="5088" status="PASS">
          <reporter-output>
          </reporter-output>
        </test-method> <!-- closeApp -->
      </class> <!-- saucedemo.AddProduct -->
    </test> <!-- Default test -->
  </suite> <!-- Default suite -->
</testng-results>
