<?xml version="1.0" encoding="UTF-8"?>
<testng-results ignored="0" total="1" passed="1" failed="0" skipped="0">
  <reporter-output>
  </reporter-output>
  <suite started-at="2023-01-12T18:02:30 IST" name="Suite" finished-at="2023-01-12T18:02:51 IST" duration-ms="21354">
    <groups>
    </groups>
    <test started-at="2023-01-12T18:02:30 IST" name="Test" finished-at="2023-01-12T18:02:51 IST" duration-ms="21354">
      <class name="saucedemo.AddProduct">
        <test-method is-config="true" signature="launchApp()[pri:0, instance:saucedemo.AddProduct@6aeb35e6]" started-at="2023-01-12T18:02:30 IST" name="launchApp" finished-at="2023-01-12T18:02:33 IST" duration-ms="3236" status="PASS">
          <reporter-output>
          </reporter-output>
        </test-method> <!-- launchApp -->
        <test-method signature="verifyAddProduct()[pri:0, instance:saucedemo.AddProduct@6aeb35e6]" started-at="2023-01-12T18:02:33 IST" name="verifyAddProduct" finished-at="2023-01-12T18:02:46 IST" duration-ms="12858" status="PASS">
          <reporter-output>
          </reporter-output>
        </test-method> <!-- verifyAddProduct -->
        <test-method is-config="true" signature="closeApp()[pri:0, instance:saucedemo.AddProduct@6aeb35e6]" started-at="2023-01-12T18:02:46 IST" name="closeApp" finished-at="2023-01-12T18:02:51 IST" duration-ms="5184" status="PASS">
          <reporter-output>
          </reporter-output>
        </test-method> <!-- closeApp -->
      </class> <!-- saucedemo.AddProduct -->
    </test> <!-- Test -->
  </suite> <!-- Suite -->
</testng-results>
